<?xml version="1.0" encoding="UTF-8"?>
<testsuite xmlns:xsi="http://www.w3.org/2001/XMLSchema-instance" xsi:noNamespaceSchemaLocation="https://maven.apache.org/surefire/maven-surefire-plugin/xsd/surefire-test-report-3.0.xsd" version="3.0" name="com.financial.multitenancy.service.AccountServiceTest" time="0.763" tests="6" errors="0" skipped="0" failures="0">
  <properties>
[...]
</properties>
  <testcase name="withdraw_withSufficientFunds_shouldDecrement" classname="com.financial.multitenancy.service.AccountServiceTest" time="0.695">
    <system-out><![CDATA[2026-03-07T00:32:59.243-03:00  INFO 22996 --- [multi-tenancy-financial-engine] [           main] c.f.multitenancy.service.AccountService  : Withdrawal of 80.00 from account c441dee7-1fcd-431c-8d83-ac422823351f (tenant 2df2184d-4983-49ae-972b-8f568e008bd7)
]]></system-out>
  </testcase>
  <testcase name="createAccount_persistsWithTenant" classname="com.financial.multitenancy.service.AccountServiceTest" time="0.016">
    <system-out><![CDATA[2026-03-07T00:32:59.256-03:00  INFO 22996 --- [multi-tenancy-financial-engine] [           main] c.f.multitenancy.service.AccountService  : Account created: c3c6f136-5830-4245-b503-edd14ed400ec for tenant: c2e3b4a3-0724-41f0-9409-efbad873837a
]]></system-out>
  </testcase>
  <testcase name="withdraw_withInsufficientFunds_shouldThrow" classname="com.financial.multitenancy.service.AccountServiceTest" time="0.012"/>
  <testcase name="withdraw_zeroAmount_shouldThrow" classname="com.financial.multitenancy.service.AccountServiceTest" time="0.005"/>
  <testcase name="transfer_shouldBeAtomic" classname="com.financial.multitenancy.service.AccountServiceTest" time="0.007">
    <system-out><![CDATA[2026-03-07T00:32:59.298-03:00  INFO 22996 --- [multi-tenancy-financial-engine] [           main] c.f.multitenancy.service.AccountService  : Transfer of 200.00 from 8a7d0c5d-6415-4d12-8979-30f99d8e61e0 to b2bb2992-eee0-44da-9ca4-8ad86d1f5418 (tenant 4b52335e-eba3-4eca-94d6-6da40a0d40a5)
]]></system-out>
  </testcase>
  <testcase name="deposit_shouldIncrementBalance" classname="com.financial.multitenancy.service.AccountServiceTest" time="0.006">
    <system-out><![CDATA[2026-03-07T00:32:59.304-03:00  INFO 22996 --- [multi-tenancy-financial-engine] [           main] c.f.multitenancy.service.AccountService  : Deposit of 50.00 on account ed12ff12-f86d-4b13-b370-cfb3dcf72454 (tenant 135f7269-16af-4b9a-883c-91a13996fbd7)
]]></system-out>
  </testcase>
</testsuite>